execve("./banque", ["./banque", "--lib", "pthread"], [/* 75 vars */]) = 0
brk(NULL)                               = 0xf89000
mmap(NULL, 4096, PROT_READ|PROT_WRITE, MAP_PRIVATE|MAP_ANONYMOUS, -1, 0) = 0x7fd1bc73b000
access("/etc/ld.so.preload", R_OK)      = -1 ENOENT (No such file or directory)
open("/usr/local/cours/INF2610/lttv/lib/tls/x86_64/libpth.so.20", O_RDONLY|O_CLOEXEC) = -1 ENOENT (No such file or directory)
stat("/usr/local/cours/INF2610/lttv/lib/tls/x86_64", 0x7ffdd29d7d50) = -1 ENOENT (No such file or directory)
open("/usr/local/cours/INF2610/lttv/lib/tls/libpth.so.20", O_RDONLY|O_CLOEXEC) = -1 ENOENT (No such file or directory)
stat("/usr/local/cours/INF2610/lttv/lib/tls", 0x7ffdd29d7d50) = -1 ENOENT (No such file or directory)
open("/usr/local/cours/INF2610/lttv/lib/x86_64/libpth.so.20", O_RDONLY|O_CLOEXEC) = -1 ENOENT (No such file or directory)
stat("/usr/local/cours/INF2610/lttv/lib/x86_64", 0x7ffdd29d7d50) = -1 ENOENT (No such file or directory)
open("/usr/local/cours/INF2610/lttv/lib/libpth.so.20", O_RDONLY|O_CLOEXEC) = -1 ENOENT (No such file or directory)
stat("/usr/local/cours/INF2610/lttv/lib", {st_mode=S_IFDIR|0755, st_size=4096, ...}) = 0
open("/usr/local/cours/INF2610/lttng/lib/tls/x86_64/libpth.so.20", O_RDONLY|O_CLOEXEC) = -1 ENOENT (No such file or directory)
stat("/usr/local/cours/INF2610/lttng/lib/tls/x86_64", 0x7ffdd29d7d50) = -1 ENOENT (No such file or directory)
open("/usr/local/cours/INF2610/lttng/lib/tls/libpth.so.20", O_RDONLY|O_CLOEXEC) = -1 ENOENT (No such file or directory)
stat("/usr/local/cours/INF2610/lttng/lib/tls", 0x7ffdd29d7d50) = -1 ENOENT (No such file or directory)
open("/usr/local/cours/INF2610/lttng/lib/x86_64/libpth.so.20", O_RDONLY|O_CLOEXEC) = -1 ENOENT (No such file or directory)
stat("/usr/local/cours/INF2610/lttng/lib/x86_64", 0x7ffdd29d7d50) = -1 ENOENT (No such file or directory)
open("/usr/local/cours/INF2610/lttng/lib/libpth.so.20", O_RDONLY|O_CLOEXEC) = -1 ENOENT (No such file or directory)
stat("/usr/local/cours/INF2610/lttng/lib", {st_mode=S_IFDIR|0755, st_size=4096, ...}) = 0
open("/usr/lib64/mpich/lib/tls/x86_64/libpth.so.20", O_RDONLY|O_CLOEXEC) = -1 ENOENT (No such file or directory)
stat("/usr/lib64/mpich/lib/tls/x86_64", 0x7ffdd29d7d50) = -1 ENOENT (No such file or directory)
open("/usr/lib64/mpich/lib/tls/libpth.so.20", O_RDONLY|O_CLOEXEC) = -1 ENOENT (No such file or directory)
stat("/usr/lib64/mpich/lib/tls", 0x7ffdd29d7d50) = -1 ENOENT (No such file or directory)
open("/usr/lib64/mpich/lib/x86_64/libpth.so.20", O_RDONLY|O_CLOEXEC) = -1 ENOENT (No such file or directory)
stat("/usr/lib64/mpich/lib/x86_64", 0x7ffdd29d7d50) = -1 ENOENT (No such file or directory)
open("/usr/lib64/mpich/lib/libpth.so.20", O_RDONLY|O_CLOEXEC) = -1 ENOENT (No such file or directory)
stat("/usr/lib64/mpich/lib", {st_mode=S_IFDIR|0755, st_size=4096, ...}) = 0
open("/etc/ld.so.cache", O_RDONLY|O_CLOEXEC) = 3
fstat(3, {st_mode=S_IFREG|0644, st_size=364873, ...}) = 0
mmap(NULL, 364873, PROT_READ, MAP_PRIVATE, 3, 0) = 0x7fd1bc6e1000
close(3)                                = 0
open("/lib64/libpth.so.20", O_RDONLY|O_CLOEXEC) = 3
read(3, "\177ELF\2\1\1\0\0\0\0\0\0\0\0\0\3\0>\0\1\0\0\0\260C\0\0\0\0\0\0"..., 832) = 832
fstat(3, {st_mode=S_IFREG|0755, st_size=81016, ...}) = 0
mmap(NULL, 2185360, PROT_READ|PROT_EXEC, MAP_PRIVATE|MAP_DENYWRITE, 3, 0) = 0x7fd1bc303000
mprotect(0x7fd1bc316000, 2093056, PROT_NONE) = 0
mmap(0x7fd1bc515000, 8192, PROT_READ|PROT_WRITE, MAP_PRIVATE|MAP_FIXED|MAP_DENYWRITE, 3, 0x12000) = 0x7fd1bc515000
mmap(0x7fd1bc517000, 6288, PROT_READ|PROT_WRITE, MAP_PRIVATE|MAP_FIXED|MAP_ANONYMOUS, -1, 0) = 0x7fd1bc517000
close(3)                                = 0
open("/usr/local/cours/INF2610/lttv/lib/libpthread.so.0", O_RDONLY|O_CLOEXEC) = -1 ENOENT (No such file or directory)
open("/usr/local/cours/INF2610/lttng/lib/libpthread.so.0", O_RDONLY|O_CLOEXEC) = -1 ENOENT (No such file or directory)
open("/usr/lib64/mpich/lib/libpthread.so.0", O_RDONLY|O_CLOEXEC) = -1 ENOENT (No such file or directory)
open("/lib64/libpthread.so.0", O_RDONLY|O_CLOEXEC) = 3
read(3, "\177ELF\2\1\1\0\0\0\0\0\0\0\0\0\3\0>\0\1\0\0\0``\0\0\0\0\0\0"..., 832) = 832
fstat(3, {st_mode=S_IFREG|0755, st_size=142312, ...}) = 0
mmap(NULL, 4096, PROT_READ|PROT_WRITE, MAP_PRIVATE|MAP_ANONYMOUS, -1, 0) = 0x7fd1bc6e0000
mmap(NULL, 2208808, PROT_READ|PROT_EXEC, MAP_PRIVATE|MAP_DENYWRITE, 3, 0) = 0x7fd1bc0e7000
mprotect(0x7fd1bc0fe000, 2093056, PROT_NONE) = 0
mmap(0x7fd1bc2fd000, 8192, PROT_READ|PROT_WRITE, MAP_PRIVATE|MAP_FIXED|MAP_DENYWRITE, 3, 0x16000) = 0x7fd1bc2fd000
mmap(0x7fd1bc2ff000, 13352, PROT_READ|PROT_WRITE, MAP_PRIVATE|MAP_FIXED|MAP_ANONYMOUS, -1, 0) = 0x7fd1bc2ff000
close(3)                                = 0
open("/usr/local/cours/INF2610/lttv/lib/libc.so.6", O_RDONLY|O_CLOEXEC) = -1 ENOENT (No such file or directory)
open("/usr/local/cours/INF2610/lttng/lib/libc.so.6", O_RDONLY|O_CLOEXEC) = -1 ENOENT (No such file or directory)
open("/usr/lib64/mpich/lib/libc.so.6", O_RDONLY|O_CLOEXEC) = -1 ENOENT (No such file or directory)
open("/lib64/libc.so.6", O_RDONLY|O_CLOEXEC) = 3
read(3, "\177ELF\2\1\1\3\0\0\0\0\0\0\0\0\3\0>\0\1\0\0\0P\10\2\0\0\0\0\0"..., 832) = 832
fstat(3, {st_mode=S_IFREG|0755, st_size=2089496, ...}) = 0
mmap(NULL, 3938656, PROT_READ|PROT_EXEC, MAP_PRIVATE|MAP_DENYWRITE, 3, 0) = 0x7fd1bbd25000
mprotect(0x7fd1bbede000, 2093056, PROT_NONE) = 0
mmap(0x7fd1bc0dd000, 24576, PROT_READ|PROT_WRITE, MAP_PRIVATE|MAP_FIXED|MAP_DENYWRITE, 3, 0x1b8000) = 0x7fd1bc0dd000
mmap(0x7fd1bc0e3000, 14688, PROT_READ|PROT_WRITE, MAP_PRIVATE|MAP_FIXED|MAP_ANONYMOUS, -1, 0) = 0x7fd1bc0e3000
close(3)                                = 0
mmap(NULL, 4096, PROT_READ|PROT_WRITE, MAP_PRIVATE|MAP_ANONYMOUS, -1, 0) = 0x7fd1bc6df000
mmap(NULL, 4096, PROT_READ|PROT_WRITE, MAP_PRIVATE|MAP_ANONYMOUS, -1, 0) = 0x7fd1bc6de000
mmap(NULL, 4096, PROT_READ|PROT_WRITE, MAP_PRIVATE|MAP_ANONYMOUS, -1, 0) = 0x7fd1bc6dd000
arch_prctl(ARCH_SET_FS, 0x7fd1bc6de700) = 0
mprotect(0x7fd1bc0dd000, 16384, PROT_READ) = 0
mprotect(0x7fd1bc2fd000, 4096, PROT_READ) = 0
mprotect(0x7fd1bc515000, 4096, PROT_READ) = 0
mprotect(0x601000, 4096, PROT_READ)     = 0
mprotect(0x7fd1bc73c000, 4096, PROT_READ) = 0
munmap(0x7fd1bc6e1000, 364873)          = 0
set_tid_address(0x7fd1bc6de9d0)         = 27639
set_robust_list(0x7fd1bc6de9e0, 24)     = 0
rt_sigaction(SIGRTMIN, {0x7fd1bc0ecb00, [], SA_RESTORER|SA_SIGINFO, 0x7fd1bc0f7c30}, NULL, 8) = 0
rt_sigaction(SIGRT_1, {0x7fd1bc0ecb90, [], SA_RESTORER|SA_RESTART|SA_SIGINFO, 0x7fd1bc0f7c30}, NULL, 8) = 0
rt_sigprocmask(SIG_UNBLOCK, [RTMIN RT_1], NULL, 8) = 0
getrlimit(RLIMIT_STACK, {rlim_cur=8192*1024, rlim_max=RLIM64_INFINITY}) = 0
mmap(NULL, 8392704, PROT_READ|PROT_WRITE, MAP_PRIVATE|MAP_ANONYMOUS|MAP_STACK, -1, 0) = 0x7fd1bb524000
brk(NULL)                               = 0xf89000
brk(0xfaa000)                           = 0xfaa000
brk(NULL)                               = 0xfaa000
mprotect(0x7fd1bb524000, 4096, PROT_NONE) = 0
clone(child_stack=0x7fd1bbd23ff0, flags=CLONE_VM|CLONE_FS|CLONE_FILES|CLONE_SIGHAND|CLONE_THREAD|CLONE_SYSVSEM|CLONE_SETTLS|CLONE_PARENT_SETTID|CLONE_CHILD_CLEARTID, parent_tidptr=0x7fd1bbd249d0, tls=0x7fd1bbd24700, child_tidptr=0x7fd1bbd249d0) = 27640
mmap(NULL, 8392704, PROT_READ|PROT_WRITE, MAP_PRIVATE|MAP_ANONYMOUS|MAP_STACK, -1, 0) = 0x7fd1bad23000
mprotect(0x7fd1bad23000, 4096, PROT_NONE) = 0
clone(child_stack=0x7fd1bb522ff0, flags=CLONE_VM|CLONE_FS|CLONE_FILES|CLONE_SIGHAND|CLONE_THREAD|CLONE_SYSVSEM|CLONE_SETTLS|CLONE_PARENT_SETTID|CLONE_CHILD_CLEARTID, parent_tidptr=0x7fd1bb5239d0, tls=0x7fd1bb523700, child_tidptr=0x7fd1bb5239d0) = 27641
mmap(NULL, 8392704, PROT_READ|PROT_WRITE, MAP_PRIVATE|MAP_ANONYMOUS|MAP_STACK, -1, 0) = 0x7fd1ba522000
mprotect(0x7fd1ba522000, 4096, PROT_NONE) = 0
clone(child_stack=0x7fd1bad21ff0, flags=CLONE_VM|CLONE_FS|CLONE_FILES|CLONE_SIGHAND|CLONE_THREAD|CLONE_SYSVSEM|CLONE_SETTLS|CLONE_PARENT_SETTID|CLONE_CHILD_CLEARTID, parent_tidptr=0x7fd1bad229d0, tls=0x7fd1bad22700, child_tidptr=0x7fd1bad229d0) = 27642
mmap(NULL, 8392704, PROT_READ|PROT_WRITE, MAP_PRIVATE|MAP_ANONYMOUS|MAP_STACK, -1, 0) = 0x7fd1b9d21000
mprotect(0x7fd1b9d21000, 4096, PROT_NONE) = 0
clone(child_stack=0x7fd1ba520ff0, flags=CLONE_VM|CLONE_FS|CLONE_FILES|CLONE_SIGHAND|CLONE_THREAD|CLONE_SYSVSEM|CLONE_SETTLS|CLONE_PARENT_SETTID|CLONE_CHILD_CLEARTID, parent_tidptr=0x7fd1ba5219d0, tls=0x7fd1ba521700, child_tidptr=0x7fd1ba5219d0) = 27643
mmap(NULL, 8392704, PROT_READ|PROT_WRITE, MAP_PRIVATE|MAP_ANONYMOUS|MAP_STACK, -1, 0) = 0x7fd1b9520000
mprotect(0x7fd1b9520000, 4096, PROT_NONE) = 0
clone(child_stack=0x7fd1b9d1fff0, flags=CLONE_VM|CLONE_FS|CLONE_FILES|CLONE_SIGHAND|CLONE_THREAD|CLONE_SYSVSEM|CLONE_SETTLS|CLONE_PARENT_SETTID|CLONE_CHILD_CLEARTID, parent_tidptr=0x7fd1b9d209d0, tls=0x7fd1b9d20700, child_tidptr=0x7fd1b9d209d0) = 27644
futex(0x7fd1bbd249d0, FUTEX_WAIT, 27640, NULL) = 0
futex(0x7fd1bb5239d0, FUTEX_WAIT, 27641, NULL) = 0
futex(0x7fd1ba5219d0, FUTEX_WAIT, 27643, NULL) = 0
munmap(0x7fd1bb524000, 8392704)         = 0
write(1, "ATM     Montreal balance:   1185"..., 435) = 435
exit_group(0)                           = ?
+++ exited with 0 +++
